\BOOKMARK [0][-]{Doc-Start}{\376\377\000H\000A\000L\000A\000M\000A\000N\000\040\000S\000A\000M\000P\000U\000L}{}% 1
\BOOKMARK [0][-]{Doc-Start}{\376\377\000L\000E\000M\000B\000A\000R\000\040\000P\000E\000R\000S\000E\000T\000U\000J\000U\000A\000N\000\040\000P\000R\000O\000P\000O\000S\000A\000L}{}% 2
\BOOKMARK [0][-]{section*.1}{\376\377\000A\000B\000S\000T\000R\000A\000K}{}% 3
\BOOKMARK [0][-]{section*.2}{\376\377\000A\000B\000S\000T\000R\000A\000C\000T}{}% 4
\BOOKMARK [0][-]{section*.3}{\376\377\000D\000A\000F\000T\000A\000R\000\040\000I\000S\000I}{}% 5
\BOOKMARK [0][-]{section*.4}{\376\377\000D\000A\000F\000T\000A\000R\000\040\000S\000I\000N\000G\000K\000A\000T\000A\000N}{}% 6
\BOOKMARK [0][-]{section*.6}{\376\377\000D\000A\000F\000T\000A\000R\000\040\000G\000A\000M\000B\000A\000R}{}% 7
\BOOKMARK [0][-]{section*.7}{\376\377\000D\000A\000F\000T\000A\000R\000\040\000T\000A\000B\000E\000L}{}% 8
\BOOKMARK [0][-]{chapter.1}{\376\377\000P\000E\000N\000D\000A\000H\000U\000L\000U\000A\000N}{}% 9
\BOOKMARK [1][-]{section.1.1}{\376\377\000L\000a\000t\000a\000r\000\040\000B\000e\000l\000a\000k\000a\000n\000g}{chapter.1}% 10
\BOOKMARK [1][-]{section.1.2}{\376\377\000P\000e\000r\000u\000m\000u\000s\000a\000n\000\040\000M\000a\000s\000a\000l\000a\000h}{chapter.1}% 11
\BOOKMARK [1][-]{section.1.3}{\376\377\000T\000u\000j\000u\000a\000n\000\040\000P\000r\000o\000y\000e\000k}{chapter.1}% 12
\BOOKMARK [1][-]{section.1.4}{\376\377\000M\000a\000n\000f\000a\000a\000t\000\040\000T\000u\000g\000a\000s\000\040\000A\000k\000h\000i\000r}{chapter.1}% 13
\BOOKMARK [1][-]{section.1.5}{\376\377\000B\000a\000t\000a\000s\000a\000n\000\040\000P\000r\000o\000y\000e\000k}{chapter.1}% 14
\BOOKMARK [0][-]{chapter.2}{\376\377\000T\000I\000N\000J\000A\000U\000A\000N\000\040\000P\000U\000S\000T\000A\000K\000A}{}% 15
\BOOKMARK [1][-]{section.2.1}{\376\377\000T\000e\000o\000r\000i\000\040\000D\000a\000s\000a\000r\000\040\000K\000o\000m\000p\000o\000n\000e\000n\000\040\000E\000l\000e\000k\000t\000r\000o\000n\000i\000k\000a}{chapter.2}% 16
\BOOKMARK [2][-]{subsection.2.1.1}{\376\377\000J\000e\000n\000i\000s\000\040\000d\000a\000n\000\040\000K\000a\000r\000a\000k\000t\000e\000r\000i\000s\000t\000i\000k\000\040\000K\000o\000m\000p\000o\000n\000e\000n\000\040\000P\000a\000s\000i\000f}{section.2.1}% 17
\BOOKMARK [2][-]{subsection.2.1.2}{\376\377\000J\000e\000n\000i\000s\000\040\000d\000a\000n\000\040\000K\000a\000r\000a\000k\000t\000e\000r\000i\000s\000t\000i\000k\000\040\000K\000o\000m\000p\000o\000n\000e\000n\000\040\000A\000k\000t\000i\000f}{section.2.1}% 18
\BOOKMARK [2][-]{subsection.2.1.3}{\376\377\000P\000e\000r\000a\000n\000\040\000d\000a\000n\000\040\000F\000u\000n\000g\000s\000i\000\040\000M\000o\000d\000u\000l\000\040\000d\000a\000l\000a\000m\000\040\000S\000i\000s\000t\000e\000m\000\040\000E\000l\000e\000k\000t\000r\000o\000n\000i\000k\000a}{section.2.1}% 19
\BOOKMARK [2][-]{subsection.2.1.4}{\376\377\000A\000n\000a\000l\000i\000s\000i\000s\000\040\000D\000a\000y\000a\000\040\000d\000a\000n\000\040\000E\000f\000i\000s\000i\000e\000n\000s\000i\000\040\000K\000o\000m\000p\000o\000n\000e\000n}{section.2.1}% 20
\BOOKMARK [1][-]{section.2.2}{\376\377\000S\000i\000s\000t\000e\000m\000\040\000d\000a\000n\000\040\000T\000e\000k\000n\000i\000k\000\040\000R\000a\000n\000g\000k\000a\000i\000a\000n\000\040\000E\000l\000e\000k\000t\000r\000o\000n\000i\000k\000a}{chapter.2}% 21
\BOOKMARK [2][-]{subsection.2.2.1}{\376\377\000K\000o\000n\000s\000e\000p\000\040\000D\000a\000s\000a\000r\000\040\000R\000a\000n\000g\000k\000a\000i\000a\000n\000\040\000A\000n\000a\000l\000o\000g}{section.2.2}% 22
\BOOKMARK [2][-]{subsection.2.2.2}{\376\377\000K\000o\000n\000s\000e\000p\000\040\000D\000a\000s\000a\000r\000\040\000R\000a\000n\000g\000k\000a\000i\000a\000n\000\040\000D\000i\000g\000i\000t\000a\000l}{section.2.2}% 23
\BOOKMARK [2][-]{subsection.2.2.3}{\376\377\000T\000e\000k\000n\000i\000k\000\040\000P\000e\000n\000g\000o\000l\000a\000h\000a\000n\000\040\000S\000i\000n\000y\000a\000l\000\040\000p\000a\000d\000a\000\040\000S\000i\000s\000t\000e\000m\000\040\000E\000l\000e\000k\000t\000r\000o\000n\000i\000k\000a}{section.2.2}% 24
\BOOKMARK [2][-]{subsection.2.2.4}{\376\377\000P\000e\000n\000g\000k\000a\000b\000e\000l\000a\000n\000\040\000d\000a\000n\000\040\000P\000e\000n\000g\000a\000t\000u\000r\000a\000n\000\040\000S\000i\000r\000k\000u\000i\000t\000\040\000u\000n\000t\000u\000k\000\040\000K\000e\000a\000n\000d\000a\000l\000a\000n\000\040\000S\000i\000s\000t\000e\000m}{section.2.2}% 25
\BOOKMARK [2][-]{subsection.2.2.5}{\376\377\000P\000e\000n\000g\000e\000n\000d\000a\000l\000i\000a\000n\000\040\000d\000a\000n\000\040\000P\000e\000n\000g\000g\000e\000r\000a\000k\000\040\000\050\000M\000o\000t\000o\000r\000\040\000D\000r\000i\000v\000e\000r\000,\000\040\000R\000e\000l\000a\000y\000,\000\040\000d\000s\000b\000.\000\051}{section.2.2}% 26
\BOOKMARK [1][-]{section.2.3}{\376\377\000T\000e\000k\000n\000o\000l\000o\000g\000i\000\040\000y\000a\000n\000g\000\040\000D\000i\000g\000u\000n\000a\000k\000a\000n}{chapter.2}% 27
\BOOKMARK [2][-]{subsection.2.3.1}{\376\377\000M\000i\000k\000r\000o\000k\000o\000n\000t\000r\000o\000l\000e\000r\000\040\000d\000a\000n\000\040\000M\000i\000k\000r\000o\000p\000r\000o\000s\000e\000s\000o\000r}{section.2.3}% 28
\BOOKMARK [2][-]{subsection.2.3.2}{\376\377\000S\000e\000n\000s\000o\000r\000\040\000d\000a\000n\000\040\000A\000k\000t\000u\000a\000t\000o\000r}{section.2.3}% 29
\BOOKMARK [2][-]{subsection.2.3.3}{\376\377\000T\000e\000k\000n\000o\000l\000o\000g\000i\000\040\000N\000i\000r\000k\000a\000b\000e\000l}{section.2.3}% 30
\BOOKMARK [1][-]{section.2.4}{\376\377\000M\000e\000t\000o\000d\000e\000\040\000K\000o\000n\000t\000r\000o\000l\000\040\000d\000a\000n\000\040\000K\000e\000c\000e\000r\000d\000a\000s\000a\000n\000\040\000B\000u\000a\000t\000a\000n}{chapter.2}% 31
\BOOKMARK [2][-]{subsection.2.4.1}{\376\377\000P\000e\000n\000g\000e\000n\000d\000a\000l\000i\000a\000n\000\040\000P\000I\000D\000\040\000\050\000P\000r\000o\000p\000o\000r\000t\000i\000o\000n\000a\000l\000-\000I\000n\000t\000e\000g\000r\000a\000l\000-\000D\000e\000r\000i\000v\000a\000t\000i\000v\000e\000\051}{section.2.4}% 32
\BOOKMARK [2][-]{subsection.2.4.2}{\376\377\000F\000u\000z\000z\000y\000\040\000L\000o\000g\000i\000c\000\040\000C\000o\000n\000t\000r\000o\000l}{section.2.4}% 33
\BOOKMARK [2][-]{subsection.2.4.3}{\376\377\000D\000e\000e\000p\000\040\000L\000e\000a\000r\000n\000i\000n\000g}{section.2.4}% 34
\BOOKMARK [2][-]{subsection.2.4.4}{\376\377\000P\000e\000r\000b\000a\000n\000d\000i\000n\000g\000a\000n\000\040\000d\000a\000n\000\040\000P\000e\000m\000i\000l\000i\000h\000a\000n\000\040\000M\000e\000t\000o\000d\000e\000\040\000y\000a\000n\000g\000\040\000S\000e\000s\000u\000a\000i}{section.2.4}% 35
\BOOKMARK [1][-]{section.2.5}{\376\377\000K\000o\000n\000s\000e\000p\000\040\000E\000n\000g\000i\000n\000e\000e\000r\000i\000n\000g\000\040\000D\000e\000s\000i\000g\000n\000\040\000P\000r\000o\000c\000e\000s\000s}{chapter.2}% 36
\BOOKMARK [2][-]{subsection.2.5.1}{\376\377\000P\000e\000n\000g\000e\000r\000t\000i\000a\000n\000\040\000d\000a\000n\000\040\000L\000a\000n\000g\000k\000a\000h\000-\000l\000a\000n\000g\000k\000a\000h\000\040\000E\000n\000g\000i\000n\000e\000e\000r\000i\000n\000g\000\040\000D\000e\000s\000i\000g\000n\000\040\000P\000r\000o\000c\000e\000s\000s}{section.2.5}% 37
\BOOKMARK [2][-]{subsection.2.5.2}{\376\377\000A\000p\000l\000i\000k\000a\000s\000i\000\040\000E\000n\000g\000i\000n\000e\000e\000r\000i\000n\000g\000\040\000D\000e\000s\000i\000g\000n\000\040\000P\000r\000o\000c\000e\000s\000s\000\040\000p\000a\000d\000a\000\040\000P\000r\000o\000y\000e\000k\000\040\000E\000l\000e\000k\000t\000r\000o\000n\000i\000k\000a}{section.2.5}% 38
\BOOKMARK [2][-]{subsection.2.5.3}{\376\377\000S\000t\000u\000d\000i\000\040\000K\000a\000s\000u\000s\000\040\000I\000m\000p\000l\000e\000m\000e\000n\000t\000a\000s\000i\000\040\000E\000n\000g\000i\000n\000e\000e\000r\000i\000n\000g\000\040\000D\000e\000s\000i\000g\000n\000\040\000P\000r\000o\000c\000e\000s\000s\000\040\000d\000a\000l\000a\000m\000\040\000D\000e\000s\000a\000i\000n\000\040\000E\000l\000e\000k\000t\000r\000o\000n\000i\000k\000a}{section.2.5}% 39
\BOOKMARK [2][-]{subsection.2.5.4}{\376\377\000T\000e\000k\000n\000i\000k\000\040\000E\000v\000a\000l\000u\000a\000s\000i\000\040\000d\000a\000n\000\040\000O\000p\000t\000i\000m\000a\000s\000i\000\040\000D\000e\000s\000a\000i\000n}{section.2.5}% 40
\BOOKMARK [1][-]{section.2.6}{\376\377\000P\000e\000n\000e\000l\000i\000t\000i\000a\000n\000\040\000T\000e\000r\000d\000a\000h\000u\000l\000u\000\040\000y\000a\000n\000g\000\040\000R\000e\000l\000e\000v\000a\000n}{chapter.2}% 41
\BOOKMARK [2][-]{subsection.2.6.1}{\376\377\000T\000i\000n\000j\000a\000u\000a\000n\000\040\000P\000e\000n\000e\000l\000i\000t\000i\000a\000n\000\040\000T\000e\000r\000d\000a\000h\000u\000l\000u\000\040\000t\000e\000n\000t\000a\000n\000g\000\040\000P\000r\000o\000y\000e\000k\000\040\000S\000e\000r\000u\000p\000a}{section.2.6}% 42
\BOOKMARK [2][-]{subsection.2.6.2}{\376\377\000A\000n\000a\000l\000i\000s\000i\000s\000\040\000K\000e\000k\000u\000r\000a\000n\000g\000a\000n\000\040\000d\000a\000n\000\040\000K\000e\000l\000e\000b\000i\000h\000a\000n\000\040\000M\000e\000t\000o\000d\000e\000\040\000p\000a\000d\000a\000\040\000P\000e\000n\000e\000l\000i\000t\000i\000a\000n\000\040\000T\000e\000r\000d\000a\000h\000u\000l\000u}{section.2.6}% 43
\BOOKMARK [2][-]{subsection.2.6.3}{\376\377\000I\000n\000o\000v\000a\000s\000i\000\040\000d\000a\000n\000\040\000K\000o\000n\000t\000r\000i\000b\000u\000s\000i\000\040\000y\000a\000n\000g\000\040\000D\000i\000b\000a\000w\000a\000\040\000d\000a\000l\000a\000m\000\040\000P\000e\000n\000e\000l\000i\000t\000i\000a\000n\000\040\000I\000n\000i}{section.2.6}% 44
\BOOKMARK [0][-]{chapter.3}{\376\377\000K\000O\000N\000S\000E\000P\000\040\000R\000A\000N\000C\000A\000N\000G\000A\000N\000\040\000A\000L\000A\000T\000\040\000D\000A\000N\000\040\000P\000E\000N\000G\000U\000J\000I\000A\000N}{}% 45
\BOOKMARK [1][-]{section.3.1}{\376\377\000M\000e\000t\000o\000d\000e\000\040\000P\000e\000n\000g\000e\000r\000j\000a\000a\000n\000\040\000P\000r\000o\000j\000e\000c\000t\000\040\000B\000e\000r\000b\000a\000s\000i\000s\000\040\000E\000n\000g\000i\000n\000e\000e\000r\000i\000n\000g\000\040\000D\000e\000s\000i\000g\000n\000\040\000P\000r\000o\000c\000e\000s\000s}{chapter.3}% 46
\BOOKMARK [2][-]{subsection.3.1.1}{\376\377\000I\000d\000e\000n\000t\000i\000f\000i\000k\000a\000s\000i\000\040\000M\000a\000s\000a\000l\000a\000h}{section.3.1}% 47
\BOOKMARK [2][-]{subsection.3.1.2}{\376\377\000D\000e\000f\000i\000n\000i\000s\000i\000\040\000K\000e\000b\000u\000t\000u\000h\000a\000n}{section.3.1}% 48
\BOOKMARK [2][-]{subsection.3.1.3}{\376\377\000G\000e\000n\000e\000r\000a\000s\000i\000\040\000I\000d\000e\000\040\000d\000a\000n\000\040\000S\000o\000l\000u\000s\000i}{section.3.1}% 49
\BOOKMARK [2][-]{subsection.3.1.4}{\376\377\000P\000e\000r\000e\000n\000c\000a\000n\000a\000a\000n\000\040\000d\000a\000n\000\040\000D\000e\000s\000a\000i\000n\000\040\000A\000w\000a\000l}{section.3.1}% 50
\BOOKMARK [2][-]{subsection.3.1.5}{\376\377\000P\000e\000m\000b\000u\000a\000t\000a\000n\000\040\000P\000r\000o\000t\000o\000t\000i\000p\000e}{section.3.1}% 51
\BOOKMARK [2][-]{subsection.3.1.6}{\376\377\000P\000e\000n\000g\000u\000j\000i\000a\000n\000\040\000d\000a\000n\000\040\000E\000v\000a\000l\000u\000a\000s\000i}{section.3.1}% 52
\BOOKMARK [2][-]{subsection.3.1.7}{\376\377\000P\000e\000r\000b\000a\000i\000k\000a\000n\000\040\000d\000a\000n\000\040\000P\000e\000n\000y\000e\000m\000p\000u\000r\000n\000a\000a\000n}{section.3.1}% 53
\BOOKMARK [1][-]{section.3.2}{\376\377\000P\000e\000r\000a\000n\000c\000a\000n\000g\000a\000n\000\040\000S\000i\000s\000t\000e\000m\000\040\000E\000l\000e\000k\000t\000r\000o\000n\000i\000k\000a}{chapter.3}% 54
\BOOKMARK [2][-]{subsection.3.2.1}{\376\377\000B\000l\000o\000k\000\040\000D\000i\000a\000g\000r\000a\000m\000\040\000S\000i\000s\000t\000e\000m}{section.3.2}% 55
\BOOKMARK [2][-]{subsection.3.2.2}{\376\377\000P\000e\000m\000i\000l\000i\000h\000a\000n\000\040\000d\000a\000n\000\040\000S\000p\000e\000s\000i\000f\000i\000k\000a\000s\000i\000\040\000K\000o\000m\000p\000o\000n\000e\000n\000\040\000E\000l\000e\000k\000t\000r\000o\000n\000i\000k\000a}{section.3.2}% 56
\BOOKMARK [2][-]{subsection.3.2.3}{\376\377\000P\000e\000r\000a\000n\000c\000a\000n\000g\000a\000n\000\040\000R\000a\000n\000g\000k\000a\000i\000a\000n\000\040\000E\000l\000e\000k\000t\000r\000o\000n\000i\000k\000a}{section.3.2}% 57
\BOOKMARK [1][-]{section.3.3}{\376\377\000P\000e\000r\000a\000n\000c\000a\000n\000g\000a\000n\000\040\000M\000e\000k\000a\000n\000i\000k}{chapter.3}% 58
\BOOKMARK [2][-]{subsection.3.3.1}{\376\377\000S\000p\000e\000s\000i\000f\000i\000k\000a\000s\000i\000\040\000D\000e\000s\000a\000i\000n\000\040\000M\000e\000k\000a\000n\000i\000k}{section.3.3}% 59
\BOOKMARK [2][-]{subsection.3.3.2}{\376\377\000P\000e\000m\000i\000l\000i\000h\000a\000n\000\040\000B\000a\000h\000a\000n\000\040\000d\000a\000n\000\040\000K\000o\000m\000p\000o\000n\000e\000n\000\040\000M\000e\000k\000a\000n\000i\000k}{section.3.3}% 60
\BOOKMARK [2][-]{subsection.3.3.3}{\376\377\000D\000e\000s\000a\000i\000n\000\040\000S\000t\000r\000u\000k\000t\000u\000r\000\040\000d\000a\000n\000\040\000K\000o\000n\000s\000t\000r\000u\000k\000s\000i}{section.3.3}% 61
\BOOKMARK [1][-]{section.3.4}{\376\377\000P\000e\000r\000a\000n\000c\000a\000n\000g\000a\000n\000\040\000P\000e\000r\000a\000n\000g\000k\000a\000t\000\040\000L\000u\000n\000a\000k}{chapter.3}% 62
\BOOKMARK [2][-]{subsection.3.4.1}{\376\377\000F\000l\000o\000w\000c\000h\000a\000r\000t\000\040\000a\000t\000a\000u\000\040\000D\000i\000a\000g\000r\000a\000m\000\040\000A\000l\000i\000r\000\040\000P\000e\000r\000a\000n\000g\000k\000a\000t\000\040\000L\000u\000n\000a\000k}{section.3.4}% 63
\BOOKMARK [2][-]{subsection.3.4.2}{\376\377\000P\000e\000m\000r\000o\000g\000r\000a\000m\000a\000n\000\040\000d\000a\000n\000\040\000P\000e\000n\000g\000e\000m\000b\000a\000n\000g\000a\000n\000\040\000K\000o\000d\000e}{section.3.4}% 64
\BOOKMARK [2][-]{subsection.3.4.3}{\376\377\000P\000e\000n\000g\000u\000j\000i\000a\000n\000\040\000K\000o\000d\000e\000\040\000P\000e\000r\000a\000n\000g\000k\000a\000t\000\040\000L\000u\000n\000a\000k}{section.3.4}% 65
\BOOKMARK [1][-]{section.3.5}{\376\377\000P\000e\000r\000a\000n\000c\000a\000n\000g\000a\000n\000\040\000I\000n\000t\000e\000g\000r\000a\000s\000i\000\040\000S\000i\000s\000t\000e\000m}{chapter.3}% 66
\BOOKMARK [2][-]{subsection.3.5.1}{\376\377\000I\000n\000t\000e\000g\000r\000a\000s\000i\000\040\000K\000o\000m\000p\000o\000n\000e\000n\000\040\000E\000l\000e\000k\000t\000r\000o\000n\000i\000k\000a\000,\000\040\000M\000e\000k\000a\000n\000i\000k\000,\000\040\000d\000a\000n\000\040\000P\000e\000r\000a\000n\000g\000k\000a\000t\000\040\000L\000u\000n\000a\000k}{section.3.5}% 67
\BOOKMARK [2][-]{subsection.3.5.2}{\376\377\000P\000e\000n\000g\000u\000j\000i\000a\000n\000\040\000A\000w\000a\000l\000\040\000d\000a\000n\000\040\000P\000e\000n\000y\000e\000m\000p\000u\000r\000n\000a\000a\000n\000\040\000I\000n\000t\000e\000g\000r\000a\000s\000i}{section.3.5}% 68
\BOOKMARK [1][-]{section.3.6}{\376\377\000R\000e\000n\000c\000a\000n\000a\000\040\000P\000e\000n\000g\000u\000j\000i\000a\000n}{chapter.3}% 69
\BOOKMARK [2][-]{subsection.3.6.1}{\376\377\000M\000e\000t\000o\000d\000e\000\040\000P\000e\000n\000g\000u\000j\000i\000a\000n\000\040\000S\000i\000s\000t\000e\000m}{section.3.6}% 70
\BOOKMARK [2][-]{subsection.3.6.2}{\376\377\000P\000r\000o\000s\000e\000d\000u\000r\000\040\000P\000e\000n\000g\000u\000j\000i\000a\000n}{section.3.6}% 71
\BOOKMARK [2][-]{subsection.3.6.3}{\376\377\000K\000r\000i\000t\000e\000r\000i\000a\000\040\000K\000e\000b\000e\000r\000h\000a\000s\000i\000l\000a\000n\000\040\000P\000e\000n\000g\000u\000j\000i\000a\000n}{section.3.6}% 72
\BOOKMARK [0][-]{section*.8}{\376\377\000D\000A\000F\000T\000A\000R\000\040\000P\000U\000S\000T\000A\000K\000A}{}% 73
